D:\MS\Project\dotnet\MS.DotNetCore.App\MS.DotNetCore.App\TypeScript.Demo\scripts\app.js
D:\MS\Project\dotnet\MS.DotNetCore.App\MS.DotNetCore.App\TypeScript.Demo\scripts\app.js.map
D:\MS\Project\dotnet\MS.DotNetCore.App\MS.DotNetCore.App\TypeScript.Demo\scripts\app.js
D:\MS\Project\dotnet\MS.DotNetCore.App\MS.DotNetCore.App\TypeScript.Demo\scripts\app.js.map
D:\MS\Project\dotnet\MS.DotNetCore.App\MS.DotNetCore.App\TypeScript.Demo\scripts\app.js
D:\MS\Project\dotnet\MS.DotNetCore.App\MS.DotNetCore.App\TypeScript.Demo\scripts\app.js.map
D:\MS\Project\dotnet\MS.DotNetCore.App\MS.DotNetCore.App\TypeScript.Demo\scripts\app.js
D:\MS\Project\dotnet\MS.DotNetCore.App\MS.DotNetCore.App\TypeScript.Demo\scripts\app.js.map
D:\MS\Project\dotnet\MS.DotNetCore.App\MS.DotNetCore.App\TypeScript.Demo\scripts\app.js
D:\MS\Project\dotnet\MS.DotNetCore.App\MS.DotNetCore.App\TypeScript.Demo\scripts\app.js.map
D:\MS\Project\dotnet\MS.DotNetCore.App\MS.DotNetCore.App\TypeScript.Demo\scripts\app.js
D:\MS\Project\dotnet\MS.DotNetCore.App\MS.DotNetCore.App\TypeScript.Demo\scripts\app.js.map
D:\MS\Project\dotnet\MS.DotNetCore.App\MS.DotNetCore.App\TypeScript.Demo\scripts\app.js
D:\MS\Project\dotnet\MS.DotNetCore.App\MS.DotNetCore.App\TypeScript.Demo\scripts\app.js.map
D:\MS\Project\dotnet\MS.DotNetCore.App\MS.DotNetCore.App\TypeScript.Demo\scripts\app.js
D:\MS\Project\dotnet\MS.DotNetCore.App\MS.DotNetCore.App\TypeScript.Demo\scripts\app.js.map
D:\MS\Project\dotnet\MS.DotNetCore.App\MS.DotNetCore.App\TypeScript.Demo\scripts\app.js
D:\MS\Project\dotnet\MS.DotNetCore.App\MS.DotNetCore.App\TypeScript.Demo\scripts\app.js.map
D:\MS\Project\dotnet\MS.DotNetCore.App\MS.DotNetCore.App\TypeScript.Demo\scripts\app.js
D:\MS\Project\dotnet\MS.DotNetCore.App\MS.DotNetCore.App\TypeScript.Demo\scripts\app.js.map
D:\MS\Project\dotnet\MS.DotNetCore.App\MS.DotNetCore.App\TypeScript.Demo\scripts\app.js
D:\MS\Project\dotnet\MS.DotNetCore.App\MS.DotNetCore.App\TypeScript.Demo\scripts\app.js.map
D:\MS\Project\dotnet\MS.DotNetCore.App\MS.DotNetCore.App\TypeScript.Demo\scripts\app.js
D:\MS\Project\dotnet\MS.DotNetCore.App\MS.DotNetCore.App\TypeScript.Demo\scripts\app.js.map
D:\MS\Project\dotnet\MS.DotNetCore.App\MS.DotNetCore.App\TypeScript.Demo\scripts\app.js
D:\MS\Project\dotnet\MS.DotNetCore.App\MS.DotNetCore.App\TypeScript.Demo\scripts\app.js.map
D:\MS\Project\dotnet\MS.DotNetCore.App\MS.DotNetCore.App\TypeScript.Demo\scripts\app.js
D:\MS\Project\dotnet\MS.DotNetCore.App\MS.DotNetCore.App\TypeScript.Demo\scripts\app.js.map
D:\MS\Project\dotnet\MS.DotNetCore.App\MS.DotNetCore.App\TypeScript.Demo\scripts\app.js
D:\MS\Project\dotnet\MS.DotNetCore.App\MS.DotNetCore.App\TypeScript.Demo\scripts\app.js.map
D:\MS\Project\dotnet\MS.DotNetCore.App\MS.DotNetCore.App\TypeScript.Demo\scripts\app.js
D:\MS\Project\dotnet\MS.DotNetCore.App\MS.DotNetCore.App\TypeScript.Demo\scripts\app.js.map
D:\MS\Project\dotnet\MS.DotNetCore.App\MS.DotNetCore.App\TypeScript.Demo\scripts\app.js
D:\MS\Project\dotnet\MS.DotNetCore.App\MS.DotNetCore.App\TypeScript.Demo\scripts\app.js.map
D:\MS\Project\dotnet\MS.DotNetCore.App\MS.DotNetCore.App\TypeScript.Demo\scripts\app.js
D:\MS\Project\dotnet\MS.DotNetCore.App\MS.DotNetCore.App\TypeScript.Demo\scripts\app.js.map
D:\MS\Project\dotnet\MS.DotNetCore.App\MS.DotNetCore.App\TypeScript.Demo\scripts\app.js
D:\MS\Project\dotnet\MS.DotNetCore.App\MS.DotNetCore.App\TypeScript.Demo\scripts\app.js.map
D:\MS\Project\dotnet\MS.DotNetCore.App\MS.DotNetCore.App\TypeScript.Demo\scripts\app.js
D:\MS\Project\dotnet\MS.DotNetCore.App\MS.DotNetCore.App\TypeScript.Demo\scripts\app.js.map
D:\MS\Project\dotnet\MS.DotNetCore.App\MS.DotNetCore.App\TypeScript.Demo\scripts\app.js
D:\MS\Project\dotnet\MS.DotNetCore.App\MS.DotNetCore.App\TypeScript.Demo\scripts\app.js.map
D:\MS\Project\dotnet\MS.DotNetCore.App\MS.DotNetCore.App\TypeScript.Demo\scripts\app.js
D:\MS\Project\dotnet\MS.DotNetCore.App\MS.DotNetCore.App\TypeScript.Demo\scripts\app.js.map
D:\MS\Project\dotnet\MS.DotNetCore.App\MS.DotNetCore.App\TypeScript.Demo\scripts\app.js
D:\MS\Project\dotnet\MS.DotNetCore.App\MS.DotNetCore.App\TypeScript.Demo\scripts\app.js.map
D:\MS\Project\dotnet\MS.DotNetCore.App\MS.DotNetCore.App\TypeScript.Demo\scripts\app.js
D:\MS\Project\dotnet\MS.DotNetCore.App\MS.DotNetCore.App\TypeScript.Demo\scripts\app.js.map
D:\MS\Project\dotnet\MS.DotNetCore.App\MS.DotNetCore.App\TypeScript.Demo\scripts\app.js
D:\MS\Project\dotnet\MS.DotNetCore.App\MS.DotNetCore.App\TypeScript.Demo\scripts\app.js.map
D:\MS\Project\dotnet\MS.DotNetCore.App\MS.DotNetCore.App\TypeScript.Demo\scripts\app.js
D:\MS\Project\dotnet\MS.DotNetCore.App\MS.DotNetCore.App\TypeScript.Demo\scripts\app.js.map
D:\MS\Project\dotnet\MS.DotNetCore.App\MS.DotNetCore.App\TypeScript.Demo\scripts\app.js
D:\MS\Project\dotnet\MS.DotNetCore.App\MS.DotNetCore.App\TypeScript.Demo\scripts\app.js.map
D:\MS\Project\dotnet\MS.DotNetCore.App\MS.DotNetCore.App\TypeScript.Demo\scripts\app.js
D:\MS\Project\dotnet\MS.DotNetCore.App\MS.DotNetCore.App\TypeScript.Demo\scripts\app.js.map
D:\MS\Project\dotnet\MS.DotNetCore.App\MS.DotNetCore.App\TypeScript.Demo\scripts\app.js
D:\MS\Project\dotnet\MS.DotNetCore.App\MS.DotNetCore.App\TypeScript.Demo\scripts\app.js.map
D:\MS\Project\dotnet\MS.DotNetCore.App\MS.DotNetCore.App\TypeScript.Demo\scripts\app.js
D:\MS\Project\dotnet\MS.DotNetCore.App\MS.DotNetCore.App\TypeScript.Demo\scripts\app.js.map
D:\MS\Project\dotnet\MS.DotNetCore.App\MS.DotNetCore.App\TypeScript.Demo\scripts\app.js
D:\MS\Project\dotnet\MS.DotNetCore.App\MS.DotNetCore.App\TypeScript.Demo\scripts\app.js.map
D:\MS\Project\dotnet\MS.DotNetCore.App\MS.DotNetCore.App\TypeScript.Demo\scripts\app.js
D:\MS\Project\dotnet\MS.DotNetCore.App\MS.DotNetCore.App\TypeScript.Demo\scripts\app.js.map
D:\MS\Project\dotnet\MS.DotNetCore.App\MS.DotNetCore.App\TypeScript.Demo\scripts\app.js
D:\MS\Project\dotnet\MS.DotNetCore.App\MS.DotNetCore.App\TypeScript.Demo\scripts\app.js.map
D:\MS\Project\dotnet\MS.DotNetCore.App\MS.DotNetCore.App\TypeScript.Demo\scripts\app.js
D:\MS\Project\dotnet\MS.DotNetCore.App\MS.DotNetCore.App\TypeScript.Demo\scripts\app.js.map
D:\MS\Project\dotnet\MS.DotNetCore.App\MS.DotNetCore.App\TypeScript.Demo\scripts\app.js
D:\MS\Project\dotnet\MS.DotNetCore.App\MS.DotNetCore.App\TypeScript.Demo\scripts\app.js.map
D:\MS\Project\dotnet\MS.DotNetCore.App\MS.DotNetCore.App\TypeScript.Demo\scripts\app.js
D:\MS\Project\dotnet\MS.DotNetCore.App\MS.DotNetCore.App\TypeScript.Demo\scripts\app.js.map
D:\MS\Project\dotnet\MS.DotNetCore.App\MS.DotNetCore.App\TypeScript.Demo\scripts\app.js
D:\MS\Project\dotnet\MS.DotNetCore.App\MS.DotNetCore.App\TypeScript.Demo\scripts\app.js.map
D:\MS\Project\dotnet\MS.DotNetCore.App\MS.DotNetCore.App\TypeScript.Demo\scripts\app.js
D:\MS\Project\dotnet\MS.DotNetCore.App\MS.DotNetCore.App\TypeScript.Demo\scripts\app.js.map
D:\MS\Project\dotnet\MS.DotNetCore.App\MS.DotNetCore.App\TypeScript.Demo\scripts\app.js
D:\MS\Project\dotnet\MS.DotNetCore.App\MS.DotNetCore.App\TypeScript.Demo\scripts\app.js.map
D:\MS\Project\dotnet\MS.DotNetCore.App\MS.DotNetCore.App\TypeScript.Demo\scripts\app.js
D:\MS\Project\dotnet\MS.DotNetCore.App\MS.DotNetCore.App\TypeScript.Demo\scripts\app.js.map
D:\MS\Project\dotnet\MS.DotNetCore.App\MS.DotNetCore.App\TypeScript.Demo\scripts\app.js
D:\MS\Project\dotnet\MS.DotNetCore.App\MS.DotNetCore.App\TypeScript.Demo\scripts\app.js.map
D:\MS\Project\dotnet\MS.DotNetCore.App\MS.DotNetCore.App\TypeScript.Demo\scripts\app.js
D:\MS\Project\dotnet\MS.DotNetCore.App\MS.DotNetCore.App\TypeScript.Demo\scripts\app.js.map
D:\MS\Project\dotnet\MS.DotNetCore.App\MS.DotNetCore.App\TypeScript.Demo\scripts\app.js
D:\MS\Project\dotnet\MS.DotNetCore.App\MS.DotNetCore.App\TypeScript.Demo\scripts\app.js.map
D:\MS\Project\dotnet\MS.DotNetCore.App\MS.DotNetCore.App\TypeScript.Demo\scripts\app.js
D:\MS\Project\dotnet\MS.DotNetCore.App\MS.DotNetCore.App\TypeScript.Demo\scripts\app.js.map
D:\MS\Project\dotnet\MS.DotNetCore.App\MS.DotNetCore.App\TypeScript.Demo\scripts\app.js
D:\MS\Project\dotnet\MS.DotNetCore.App\MS.DotNetCore.App\TypeScript.Demo\scripts\app.js.map
D:\MS\Project\dotnet\MS.DotNetCore.App\MS.DotNetCore.App\TypeScript.Demo\scripts\app.js
D:\MS\Project\dotnet\MS.DotNetCore.App\MS.DotNetCore.App\TypeScript.Demo\scripts\app.js.map
D:\MS\Project\dotnet\MS.DotNetCore.App\MS.DotNetCore.App\TypeScript.Demo\scripts\app.js
D:\MS\Project\dotnet\MS.DotNetCore.App\MS.DotNetCore.App\TypeScript.Demo\scripts\app.js.map
D:\MS\Project\dotnet\MS.DotNetCore.App\MS.DotNetCore.App\TypeScript.Demo\scripts\app.js
D:\MS\Project\dotnet\MS.DotNetCore.App\MS.DotNetCore.App\TypeScript.Demo\scripts\app.js.map
D:\MS\Project\dotnet\MS.DotNetCore.App\MS.DotNetCore.App\TypeScript.Demo\scripts\app.js
D:\MS\Project\dotnet\MS.DotNetCore.App\MS.DotNetCore.App\TypeScript.Demo\scripts\app.js.map
D:\MS\Project\dotnet\MS.DotNetCore.App\MS.DotNetCore.App\TypeScript.Demo\scripts\app.js
D:\MS\Project\dotnet\MS.DotNetCore.App\MS.DotNetCore.App\TypeScript.Demo\scripts\app.js.map
D:\MS\Project\dotnet\MS.DotNetCore.App\MS.DotNetCore.App\TypeScript.Demo\scripts\app.js
D:\MS\Project\dotnet\MS.DotNetCore.App\MS.DotNetCore.App\TypeScript.Demo\scripts\app.js.map
D:\MS\Project\dotnet\MS.DotNetCore.App\MS.DotNetCore.App\TypeScript.Demo\scripts\app.js
D:\MS\Project\dotnet\MS.DotNetCore.App\MS.DotNetCore.App\TypeScript.Demo\scripts\app.js.map
D:\MS\Project\dotnet\MS.DotNetCore.App\MS.DotNetCore.App\TypeScript.Demo\scripts\app.js
D:\MS\Project\dotnet\MS.DotNetCore.App\MS.DotNetCore.App\TypeScript.Demo\scripts\app.js.map
D:\MS\Project\dotnet\MS.DotNetCore.App\MS.DotNetCore.App\TypeScript.Demo\scripts\app.js
D:\MS\Project\dotnet\MS.DotNetCore.App\MS.DotNetCore.App\TypeScript.Demo\scripts\app.js.map
D:\MS\Project\dotnet\MS.DotNetCore.App\MS.DotNetCore.App\TypeScript.Demo\scripts\caseType.js
D:\MS\Project\dotnet\MS.DotNetCore.App\MS.DotNetCore.App\TypeScript.Demo\scripts\caseType.js.map
D:\MS\Project\dotnet\MS.DotNetCore.App\MS.DotNetCore.App\TypeScript.Demo\scripts\app.js
D:\MS\Project\dotnet\MS.DotNetCore.App\MS.DotNetCore.App\TypeScript.Demo\scripts\app.js.map
D:\MS\Project\dotnet\MS.DotNetCore.App\MS.DotNetCore.App\TypeScript.Demo\scripts\caseType.js
D:\MS\Project\dotnet\MS.DotNetCore.App\MS.DotNetCore.App\TypeScript.Demo\scripts\caseType.js.map
D:\MS\Project\dotnet\MS.DotNetCore.App\MS.DotNetCore.App\TypeScript.Demo\scripts\app.js
D:\MS\Project\dotnet\MS.DotNetCore.App\MS.DotNetCore.App\TypeScript.Demo\scripts\app.js.map
D:\MS\Project\dotnet\MS.DotNetCore.App\MS.DotNetCore.App\TypeScript.Demo\scripts\caseType.js
D:\MS\Project\dotnet\MS.DotNetCore.App\MS.DotNetCore.App\TypeScript.Demo\scripts\caseType.js.map
D:\MS\Project\dotnet\MS.DotNetCore.App\MS.DotNetCore.App\TypeScript.Demo\scripts\app.js
D:\MS\Project\dotnet\MS.DotNetCore.App\MS.DotNetCore.App\TypeScript.Demo\scripts\app.js.map
D:\MS\Project\dotnet\MS.DotNetCore.App\MS.DotNetCore.App\TypeScript.Demo\scripts\caseType.js
D:\MS\Project\dotnet\MS.DotNetCore.App\MS.DotNetCore.App\TypeScript.Demo\scripts\caseType.js.map
D:\MS\Project\dotnet\MS.DotNetCore.App\MS.DotNetCore.App\TypeScript.Demo\scripts\app.js
D:\MS\Project\dotnet\MS.DotNetCore.App\MS.DotNetCore.App\TypeScript.Demo\scripts\app.js.map
D:\MS\Project\dotnet\MS.DotNetCore.App\MS.DotNetCore.App\TypeScript.Demo\scripts\caseType.js
D:\MS\Project\dotnet\MS.DotNetCore.App\MS.DotNetCore.App\TypeScript.Demo\scripts\caseType.js.map
D:\MS\Project\dotnet\MS.DotNetCore.App\MS.DotNetCore.App\TypeScript.Demo\scripts\app.js
D:\MS\Project\dotnet\MS.DotNetCore.App\MS.DotNetCore.App\TypeScript.Demo\scripts\app.js.map
D:\MS\Project\dotnet\MS.DotNetCore.App\MS.DotNetCore.App\TypeScript.Demo\scripts\caseType.js
D:\MS\Project\dotnet\MS.DotNetCore.App\MS.DotNetCore.App\TypeScript.Demo\scripts\caseType.js.map
D:\MS\Project\dotnet\MS.DotNetCore.App\MS.DotNetCore.App\TypeScript.Demo\scripts\app.js
D:\MS\Project\dotnet\MS.DotNetCore.App\MS.DotNetCore.App\TypeScript.Demo\scripts\app.js.map
D:\MS\Project\dotnet\MS.DotNetCore.App\MS.DotNetCore.App\TypeScript.Demo\scripts\caseType.js
D:\MS\Project\dotnet\MS.DotNetCore.App\MS.DotNetCore.App\TypeScript.Demo\scripts\caseType.js.map
D:\MS\Project\dotnet\MS.DotNetCore.App\MS.DotNetCore.App\TypeScript.Demo\scripts\app.js
D:\MS\Project\dotnet\MS.DotNetCore.App\MS.DotNetCore.App\TypeScript.Demo\scripts\app.js.map
D:\MS\Project\dotnet\MS.DotNetCore.App\MS.DotNetCore.App\TypeScript.Demo\scripts\caseType.js
D:\MS\Project\dotnet\MS.DotNetCore.App\MS.DotNetCore.App\TypeScript.Demo\scripts\caseType.js.map
D:\MS\Project\dotnet\MS.DotNetCore.App\MS.DotNetCore.App\TypeScript.Demo\scripts\app.js
D:\MS\Project\dotnet\MS.DotNetCore.App\MS.DotNetCore.App\TypeScript.Demo\scripts\app.js.map
D:\MS\Project\dotnet\MS.DotNetCore.App\MS.DotNetCore.App\TypeScript.Demo\scripts\caseType.js
D:\MS\Project\dotnet\MS.DotNetCore.App\MS.DotNetCore.App\TypeScript.Demo\scripts\caseType.js.map
D:\MS\Project\dotnet\MS.DotNetCore.App\MS.DotNetCore.App\TypeScript.Demo\scripts\app.js
D:\MS\Project\dotnet\MS.DotNetCore.App\MS.DotNetCore.App\TypeScript.Demo\scripts\app.js.map
D:\MS\Project\dotnet\MS.DotNetCore.App\MS.DotNetCore.App\TypeScript.Demo\scripts\caseType.js
D:\MS\Project\dotnet\MS.DotNetCore.App\MS.DotNetCore.App\TypeScript.Demo\scripts\caseType.js.map
D:\MS\Project\dotnet\MS.DotNetCore.App\MS.DotNetCore.App\TypeScript.Demo\scripts\app.js
D:\MS\Project\dotnet\MS.DotNetCore.App\MS.DotNetCore.App\TypeScript.Demo\scripts\app.js.map
D:\MS\Project\dotnet\MS.DotNetCore.App\MS.DotNetCore.App\TypeScript.Demo\scripts\caseType.js
D:\MS\Project\dotnet\MS.DotNetCore.App\MS.DotNetCore.App\TypeScript.Demo\scripts\caseType.js.map
D:\MS\Project\dotnet\MS.DotNetCore.App\MS.DotNetCore.App\TypeScript.Demo\scripts\app.js
D:\MS\Project\dotnet\MS.DotNetCore.App\MS.DotNetCore.App\TypeScript.Demo\scripts\app.js.map
D:\MS\Project\dotnet\MS.DotNetCore.App\MS.DotNetCore.App\TypeScript.Demo\scripts\caseType.js
D:\MS\Project\dotnet\MS.DotNetCore.App\MS.DotNetCore.App\TypeScript.Demo\scripts\caseType.js.map
D:\MS\Project\dotnet\MS.DotNetCore.App\MS.DotNetCore.App\TypeScript.Demo\scripts\app.js
D:\MS\Project\dotnet\MS.DotNetCore.App\MS.DotNetCore.App\TypeScript.Demo\scripts\app.js.map
D:\MS\Project\dotnet\MS.DotNetCore.App\MS.DotNetCore.App\TypeScript.Demo\scripts\caseType.js
D:\MS\Project\dotnet\MS.DotNetCore.App\MS.DotNetCore.App\TypeScript.Demo\scripts\caseType.js.map
D:\MS\Project\dotnet\MS.DotNetCore.App\MS.DotNetCore.App\TypeScript.Demo\scripts\app.js
D:\MS\Project\dotnet\MS.DotNetCore.App\MS.DotNetCore.App\TypeScript.Demo\scripts\app.js.map
D:\MS\Project\dotnet\MS.DotNetCore.App\MS.DotNetCore.App\TypeScript.Demo\scripts\caseType.js
D:\MS\Project\dotnet\MS.DotNetCore.App\MS.DotNetCore.App\TypeScript.Demo\scripts\caseType.js.map
D:\MS\Project\dotnet\MS.DotNetCore.App\MS.DotNetCore.App\TypeScript.Demo\scripts\app.js
D:\MS\Project\dotnet\MS.DotNetCore.App\MS.DotNetCore.App\TypeScript.Demo\scripts\app.js.map
D:\MS\Project\dotnet\MS.DotNetCore.App\MS.DotNetCore.App\TypeScript.Demo\scripts\caseType.js
D:\MS\Project\dotnet\MS.DotNetCore.App\MS.DotNetCore.App\TypeScript.Demo\scripts\caseType.js.map
D:\MS\Project\dotnet\MS.DotNetCore.App\MS.DotNetCore.App\TypeScript.Demo\scripts\app.js
D:\MS\Project\dotnet\MS.DotNetCore.App\MS.DotNetCore.App\TypeScript.Demo\scripts\app.js.map
D:\MS\Project\dotnet\MS.DotNetCore.App\MS.DotNetCore.App\TypeScript.Demo\scripts\caseType.js
D:\MS\Project\dotnet\MS.DotNetCore.App\MS.DotNetCore.App\TypeScript.Demo\scripts\caseType.js.map
D:\MS\Project\dotnet\MS.DotNetCore.App\MS.DotNetCore.App\TypeScript.Demo\scripts\app.js
D:\MS\Project\dotnet\MS.DotNetCore.App\MS.DotNetCore.App\TypeScript.Demo\scripts\app.js.map
D:\MS\Project\dotnet\MS.DotNetCore.App\MS.DotNetCore.App\TypeScript.Demo\scripts\caseType.js
D:\MS\Project\dotnet\MS.DotNetCore.App\MS.DotNetCore.App\TypeScript.Demo\scripts\caseType.js.map
D:\MS\Project\dotnet\MS.DotNetCore.App\MS.DotNetCore.App\TypeScript.Demo\scripts\app.js
D:\MS\Project\dotnet\MS.DotNetCore.App\MS.DotNetCore.App\TypeScript.Demo\scripts\app.js.map
D:\MS\Project\dotnet\MS.DotNetCore.App\MS.DotNetCore.App\TypeScript.Demo\scripts\caseType.js
D:\MS\Project\dotnet\MS.DotNetCore.App\MS.DotNetCore.App\TypeScript.Demo\scripts\caseType.js.map
D:\MS\Project\dotnet\MS.DotNetCore.App\MS.DotNetCore.App\TypeScript.Demo\scripts\app.js
D:\MS\Project\dotnet\MS.DotNetCore.App\MS.DotNetCore.App\TypeScript.Demo\scripts\app.js.map
D:\MS\Project\dotnet\MS.DotNetCore.App\MS.DotNetCore.App\TypeScript.Demo\scripts\caseType.js
D:\MS\Project\dotnet\MS.DotNetCore.App\MS.DotNetCore.App\TypeScript.Demo\scripts\caseType.js.map
D:\MS\Project\dotnet\MS.DotNetCore.App\MS.DotNetCore.App\TypeScript.Demo\scripts\app.js
D:\MS\Project\dotnet\MS.DotNetCore.App\MS.DotNetCore.App\TypeScript.Demo\scripts\app.js.map
D:\MS\Project\dotnet\MS.DotNetCore.App\MS.DotNetCore.App\TypeScript.Demo\scripts\caseType.js
D:\MS\Project\dotnet\MS.DotNetCore.App\MS.DotNetCore.App\TypeScript.Demo\scripts\caseType.js.map
D:\MS\Project\dotnet\MS.DotNetCore.App\MS.DotNetCore.App\TypeScript.Demo\scripts\app.js
D:\MS\Project\dotnet\MS.DotNetCore.App\MS.DotNetCore.App\TypeScript.Demo\scripts\app.js.map
D:\MS\Project\dotnet\MS.DotNetCore.App\MS.DotNetCore.App\TypeScript.Demo\scripts\caseType.js
D:\MS\Project\dotnet\MS.DotNetCore.App\MS.DotNetCore.App\TypeScript.Demo\scripts\caseType.js.map
D:\MS\Project\dotnet\MS.DotNetCore.App\MS.DotNetCore.App\TypeScript.Demo\scripts\app.js
D:\MS\Project\dotnet\MS.DotNetCore.App\MS.DotNetCore.App\TypeScript.Demo\scripts\app.js.map
D:\MS\Project\dotnet\MS.DotNetCore.App\MS.DotNetCore.App\TypeScript.Demo\scripts\caseType.js
D:\MS\Project\dotnet\MS.DotNetCore.App\MS.DotNetCore.App\TypeScript.Demo\scripts\caseType.js.map
D:\MS\Project\dotnet\MS.DotNetCore.App\MS.DotNetCore.App\TypeScript.Demo\scripts\app.js
D:\MS\Project\dotnet\MS.DotNetCore.App\MS.DotNetCore.App\TypeScript.Demo\scripts\app.js.map
D:\MS\Project\dotnet\MS.DotNetCore.App\MS.DotNetCore.App\TypeScript.Demo\scripts\caseType.js
D:\MS\Project\dotnet\MS.DotNetCore.App\MS.DotNetCore.App\TypeScript.Demo\scripts\caseType.js.map
D:\MS\Project\dotnet\MS.DotNetCore.App\MS.DotNetCore.App\TypeScript.Demo\scripts\app.js
D:\MS\Project\dotnet\MS.DotNetCore.App\MS.DotNetCore.App\TypeScript.Demo\scripts\app.js.map
D:\MS\Project\dotnet\MS.DotNetCore.App\MS.DotNetCore.App\TypeScript.Demo\scripts\caseType.js
D:\MS\Project\dotnet\MS.DotNetCore.App\MS.DotNetCore.App\TypeScript.Demo\scripts\caseType.js.map
D:\MS\Project\dotnet\MS.DotNetCore.App\MS.DotNetCore.App\TypeScript.Demo\scripts\app.js
D:\MS\Project\dotnet\MS.DotNetCore.App\MS.DotNetCore.App\TypeScript.Demo\scripts\app.js.map
D:\MS\Project\dotnet\MS.DotNetCore.App\MS.DotNetCore.App\TypeScript.Demo\scripts\caseType.js
D:\MS\Project\dotnet\MS.DotNetCore.App\MS.DotNetCore.App\TypeScript.Demo\scripts\caseType.js.map
D:\MS\Project\dotnet\MS.DotNetCore.App\MS.DotNetCore.App\TypeScript.Demo\scripts\app.js
D:\MS\Project\dotnet\MS.DotNetCore.App\MS.DotNetCore.App\TypeScript.Demo\scripts\app.js.map
D:\MS\Project\dotnet\MS.DotNetCore.App\MS.DotNetCore.App\TypeScript.Demo\scripts\caseType.js
D:\MS\Project\dotnet\MS.DotNetCore.App\MS.DotNetCore.App\TypeScript.Demo\scripts\caseType.js.map
D:\MS\Project\dotnet\MS.DotNetCore.App\MS.DotNetCore.App\TypeScript.Demo\scripts\app.js
D:\MS\Project\dotnet\MS.DotNetCore.App\MS.DotNetCore.App\TypeScript.Demo\scripts\app.js.map
D:\MS\Project\dotnet\MS.DotNetCore.App\MS.DotNetCore.App\TypeScript.Demo\scripts\caseType.js
D:\MS\Project\dotnet\MS.DotNetCore.App\MS.DotNetCore.App\TypeScript.Demo\scripts\caseType.js.map
D:\MS\Project\dotnet\MS.DotNetCore.App\MS.DotNetCore.App\TypeScript.Demo\scripts\app.js
D:\MS\Project\dotnet\MS.DotNetCore.App\MS.DotNetCore.App\TypeScript.Demo\scripts\app.js.map
D:\MS\Project\dotnet\MS.DotNetCore.App\MS.DotNetCore.App\TypeScript.Demo\scripts\caseType.js
D:\MS\Project\dotnet\MS.DotNetCore.App\MS.DotNetCore.App\TypeScript.Demo\scripts\caseType.js.map
D:\MS\Project\dotnet\MS.DotNetCore.App\MS.DotNetCore.App\TypeScript.Demo\scripts\app.js
D:\MS\Project\dotnet\MS.DotNetCore.App\MS.DotNetCore.App\TypeScript.Demo\scripts\app.js.map
D:\MS\Project\dotnet\MS.DotNetCore.App\MS.DotNetCore.App\TypeScript.Demo\scripts\caseType.js
D:\MS\Project\dotnet\MS.DotNetCore.App\MS.DotNetCore.App\TypeScript.Demo\scripts\caseType.js.map
D:\MS\Project\dotnet\MS.DotNetCore.App\MS.DotNetCore.App\TypeScript.Demo\scripts\app.js
D:\MS\Project\dotnet\MS.DotNetCore.App\MS.DotNetCore.App\TypeScript.Demo\scripts\app.js.map
D:\MS\Project\dotnet\MS.DotNetCore.App\MS.DotNetCore.App\TypeScript.Demo\scripts\caseType.js
D:\MS\Project\dotnet\MS.DotNetCore.App\MS.DotNetCore.App\TypeScript.Demo\scripts\caseType.js.map
D:\MS\Project\dotnet\MS.DotNetCore.App\MS.DotNetCore.App\TypeScript.Demo\scripts\app.js
D:\MS\Project\dotnet\MS.DotNetCore.App\MS.DotNetCore.App\TypeScript.Demo\scripts\app.js.map
D:\MS\Project\dotnet\MS.DotNetCore.App\MS.DotNetCore.App\TypeScript.Demo\scripts\caseType.js
D:\MS\Project\dotnet\MS.DotNetCore.App\MS.DotNetCore.App\TypeScript.Demo\scripts\caseType.js.map
D:\MS\Project\dotnet\MS.DotNetCore.App\MS.DotNetCore.App\TypeScript.Demo\scripts\app.js
D:\MS\Project\dotnet\MS.DotNetCore.App\MS.DotNetCore.App\TypeScript.Demo\scripts\app.js.map
D:\MS\Project\dotnet\MS.DotNetCore.App\MS.DotNetCore.App\TypeScript.Demo\scripts\caseType.js
D:\MS\Project\dotnet\MS.DotNetCore.App\MS.DotNetCore.App\TypeScript.Demo\scripts\caseType.js.map
D:\MS\Project\dotnet\MS.DotNetCore.App\MS.DotNetCore.App\TypeScript.Demo\scripts\app.js
D:\MS\Project\dotnet\MS.DotNetCore.App\MS.DotNetCore.App\TypeScript.Demo\scripts\app.js.map
D:\MS\Project\dotnet\MS.DotNetCore.App\MS.DotNetCore.App\TypeScript.Demo\scripts\caseType.js
D:\MS\Project\dotnet\MS.DotNetCore.App\MS.DotNetCore.App\TypeScript.Demo\scripts\caseType.js.map
D:\MS\Project\dotnet\MS.DotNetCore.App\MS.DotNetCore.App\TypeScript.Demo\scripts\app.js
D:\MS\Project\dotnet\MS.DotNetCore.App\MS.DotNetCore.App\TypeScript.Demo\scripts\app.js.map
D:\MS\Project\dotnet\MS.DotNetCore.App\MS.DotNetCore.App\TypeScript.Demo\scripts\caseType.js
D:\MS\Project\dotnet\MS.DotNetCore.App\MS.DotNetCore.App\TypeScript.Demo\scripts\caseType.js.map
D:\MS\Project\dotnet\MS.DotNetCore.App\MS.DotNetCore.App\TypeScript.Demo\scripts\app.js
D:\MS\Project\dotnet\MS.DotNetCore.App\MS.DotNetCore.App\TypeScript.Demo\scripts\app.js.map
D:\MS\Project\dotnet\MS.DotNetCore.App\MS.DotNetCore.App\TypeScript.Demo\scripts\caseType.js
D:\MS\Project\dotnet\MS.DotNetCore.App\MS.DotNetCore.App\TypeScript.Demo\scripts\caseType.js.map
D:\MS\Project\dotnet\MS.DotNetCore.App\MS.DotNetCore.App\TypeScript.Demo\scripts\app.js
D:\MS\Project\dotnet\MS.DotNetCore.App\MS.DotNetCore.App\TypeScript.Demo\scripts\app.js.map
D:\MS\Project\dotnet\MS.DotNetCore.App\MS.DotNetCore.App\TypeScript.Demo\scripts\caseType.js
D:\MS\Project\dotnet\MS.DotNetCore.App\MS.DotNetCore.App\TypeScript.Demo\scripts\caseType.js.map
D:\MS\Project\dotnet\MS.DotNetCore.App\MS.DotNetCore.App\TypeScript.Demo\scripts\app.js
D:\MS\Project\dotnet\MS.DotNetCore.App\MS.DotNetCore.App\TypeScript.Demo\scripts\app.js.map
D:\MS\Project\dotnet\MS.DotNetCore.App\MS.DotNetCore.App\TypeScript.Demo\scripts\caseType.js
D:\MS\Project\dotnet\MS.DotNetCore.App\MS.DotNetCore.App\TypeScript.Demo\scripts\caseType.js.map
D:\MS\Project\dotnet\MS.DotNetCore.App\MS.DotNetCore.App\TypeScript.Demo\scripts\app.js
D:\MS\Project\dotnet\MS.DotNetCore.App\MS.DotNetCore.App\TypeScript.Demo\scripts\app.js.map
D:\MS\Project\dotnet\MS.DotNetCore.App\MS.DotNetCore.App\TypeScript.Demo\scripts\caseType.js
D:\MS\Project\dotnet\MS.DotNetCore.App\MS.DotNetCore.App\TypeScript.Demo\scripts\caseType.js.map
D:\MS\Project\dotnet\MS.DotNetCore.App\MS.DotNetCore.App\TypeScript.Demo\scripts\app.js
D:\MS\Project\dotnet\MS.DotNetCore.App\MS.DotNetCore.App\TypeScript.Demo\scripts\app.js.map
D:\MS\Project\dotnet\MS.DotNetCore.App\MS.DotNetCore.App\TypeScript.Demo\scripts\caseType.js
D:\MS\Project\dotnet\MS.DotNetCore.App\MS.DotNetCore.App\TypeScript.Demo\scripts\caseType.js.map
D:\MS\Project\dotnet\MS.DotNetCore.App\MS.DotNetCore.App\TypeScript.Demo\scripts\app.js
D:\MS\Project\dotnet\MS.DotNetCore.App\MS.DotNetCore.App\TypeScript.Demo\scripts\app.js.map
D:\MS\Project\dotnet\MS.DotNetCore.App\MS.DotNetCore.App\TypeScript.Demo\scripts\caseType.js
D:\MS\Project\dotnet\MS.DotNetCore.App\MS.DotNetCore.App\TypeScript.Demo\scripts\caseType.js.map
D:\MS\Project\dotnet\MS.DotNetCore.App\MS.DotNetCore.App\TypeScript.Demo\scripts\app.js
D:\MS\Project\dotnet\MS.DotNetCore.App\MS.DotNetCore.App\TypeScript.Demo\scripts\app.js.map
D:\MS\Project\dotnet\MS.DotNetCore.App\MS.DotNetCore.App\TypeScript.Demo\scripts\caseType.js
D:\MS\Project\dotnet\MS.DotNetCore.App\MS.DotNetCore.App\TypeScript.Demo\scripts\caseType.js.map
D:\MS\Project\dotnet\MS.DotNetCore.App\MS.DotNetCore.App\TypeScript.Demo\scripts\app.js
D:\MS\Project\dotnet\MS.DotNetCore.App\MS.DotNetCore.App\TypeScript.Demo\scripts\app.js.map
D:\MS\Project\dotnet\MS.DotNetCore.App\MS.DotNetCore.App\TypeScript.Demo\scripts\caseType.js
D:\MS\Project\dotnet\MS.DotNetCore.App\MS.DotNetCore.App\TypeScript.Demo\scripts\caseType.js.map
D:\MS\Project\dotnet\MS.DotNetCore.App\MS.DotNetCore.App\TypeScript.Demo\scripts\app.js
D:\MS\Project\dotnet\MS.DotNetCore.App\MS.DotNetCore.App\TypeScript.Demo\scripts\app.js.map
D:\MS\Project\dotnet\MS.DotNetCore.App\MS.DotNetCore.App\TypeScript.Demo\scripts\caseType.js
D:\MS\Project\dotnet\MS.DotNetCore.App\MS.DotNetCore.App\TypeScript.Demo\scripts\caseType.js.map
D:\MS\Project\dotnet\MS.DotNetCore.App\MS.DotNetCore.App\TypeScript.Demo\scripts\app.js
D:\MS\Project\dotnet\MS.DotNetCore.App\MS.DotNetCore.App\TypeScript.Demo\scripts\app.js.map
D:\MS\Project\dotnet\MS.DotNetCore.App\MS.DotNetCore.App\TypeScript.Demo\scripts\caseType.js
D:\MS\Project\dotnet\MS.DotNetCore.App\MS.DotNetCore.App\TypeScript.Demo\scripts\caseType.js.map
D:\MS\Project\dotnet\MS.DotNetCore.App\MS.DotNetCore.App\TypeScript.Demo\scripts\app.js
D:\MS\Project\dotnet\MS.DotNetCore.App\MS.DotNetCore.App\TypeScript.Demo\scripts\app.js.map
D:\MS\Project\dotnet\MS.DotNetCore.App\MS.DotNetCore.App\TypeScript.Demo\scripts\caseType.js
D:\MS\Project\dotnet\MS.DotNetCore.App\MS.DotNetCore.App\TypeScript.Demo\scripts\caseType.js.map
D:\MS\Project\dotnet\MS.DotNetCore.App\MS.DotNetCore.App\TypeScript.Demo\scripts\app.js
D:\MS\Project\dotnet\MS.DotNetCore.App\MS.DotNetCore.App\TypeScript.Demo\scripts\app.js.map
D:\MS\Project\dotnet\MS.DotNetCore.App\MS.DotNetCore.App\TypeScript.Demo\scripts\caseType.js
D:\MS\Project\dotnet\MS.DotNetCore.App\MS.DotNetCore.App\TypeScript.Demo\scripts\caseType.js.map
D:\MS\Project\dotnet\MS.DotNetCore.App\MS.DotNetCore.App\TypeScript.Demo\scripts\app.js
D:\MS\Project\dotnet\MS.DotNetCore.App\MS.DotNetCore.App\TypeScript.Demo\scripts\app.js.map
D:\MS\Project\dotnet\MS.DotNetCore.App\MS.DotNetCore.App\TypeScript.Demo\scripts\caseType.js
D:\MS\Project\dotnet\MS.DotNetCore.App\MS.DotNetCore.App\TypeScript.Demo\scripts\caseType.js.map
D:\MS\Project\dotnet\MS.DotNetCore.App\MS.DotNetCore.App\TypeScript.Demo\scripts\app.js
D:\MS\Project\dotnet\MS.DotNetCore.App\MS.DotNetCore.App\TypeScript.Demo\scripts\app.js.map
D:\MS\Project\dotnet\MS.DotNetCore.App\MS.DotNetCore.App\TypeScript.Demo\scripts\caseType.js
D:\MS\Project\dotnet\MS.DotNetCore.App\MS.DotNetCore.App\TypeScript.Demo\scripts\caseType.js.map
D:\MS\Project\dotnet\MS.DotNetCore.App\MS.DotNetCore.App\TypeScript.Demo\scripts\app.js
D:\MS\Project\dotnet\MS.DotNetCore.App\MS.DotNetCore.App\TypeScript.Demo\scripts\app.js.map
D:\MS\Project\dotnet\MS.DotNetCore.App\MS.DotNetCore.App\TypeScript.Demo\scripts\caseType.js
D:\MS\Project\dotnet\MS.DotNetCore.App\MS.DotNetCore.App\TypeScript.Demo\scripts\caseType.js.map
D:\MS\Project\dotnet\MS.DotNetCore.App\MS.DotNetCore.App\TypeScript.Demo\scripts\app.js
D:\MS\Project\dotnet\MS.DotNetCore.App\MS.DotNetCore.App\TypeScript.Demo\scripts\app.js.map
D:\MS\Project\dotnet\MS.DotNetCore.App\MS.DotNetCore.App\TypeScript.Demo\scripts\caseType.js
D:\MS\Project\dotnet\MS.DotNetCore.App\MS.DotNetCore.App\TypeScript.Demo\scripts\caseType.js.map
D:\MS\Project\dotnet\MS.DotNetCore.App\MS.DotNetCore.App\TypeScript.Demo\scripts\app.js
D:\MS\Project\dotnet\MS.DotNetCore.App\MS.DotNetCore.App\TypeScript.Demo\scripts\app.js.map
D:\MS\Project\dotnet\MS.DotNetCore.App\MS.DotNetCore.App\TypeScript.Demo\scripts\caseType.js
D:\MS\Project\dotnet\MS.DotNetCore.App\MS.DotNetCore.App\TypeScript.Demo\scripts\caseType.js.map
D:\MS\Project\dotnet\MS.DotNetCore.App\MS.DotNetCore.App\TypeScript.Demo\scripts\app.js
D:\MS\Project\dotnet\MS.DotNetCore.App\MS.DotNetCore.App\TypeScript.Demo\scripts\app.js.map
D:\MS\Project\dotnet\MS.DotNetCore.App\MS.DotNetCore.App\TypeScript.Demo\scripts\caseType.js
D:\MS\Project\dotnet\MS.DotNetCore.App\MS.DotNetCore.App\TypeScript.Demo\scripts\caseType.js.map
D:\MS\Project\dotnet\MS.DotNetCore.App\MS.DotNetCore.App\TypeScript.Demo\scripts\app.js
D:\MS\Project\dotnet\MS.DotNetCore.App\MS.DotNetCore.App\TypeScript.Demo\scripts\app.js.map
D:\MS\Project\dotnet\MS.DotNetCore.App\MS.DotNetCore.App\TypeScript.Demo\scripts\caseType.js
D:\MS\Project\dotnet\MS.DotNetCore.App\MS.DotNetCore.App\TypeScript.Demo\scripts\caseType.js.map
D:\MS\Project\dotnet\MS.DotNetCore.App\MS.DotNetCore.App\TypeScript.Demo\scripts\app.js
D:\MS\Project\dotnet\MS.DotNetCore.App\MS.DotNetCore.App\TypeScript.Demo\scripts\app.js.map
D:\MS\Project\dotnet\MS.DotNetCore.App\MS.DotNetCore.App\TypeScript.Demo\scripts\caseType.js
D:\MS\Project\dotnet\MS.DotNetCore.App\MS.DotNetCore.App\TypeScript.Demo\scripts\caseType.js.map
D:\MS\Project\dotnet\MS.DotNetCore.App\MS.DotNetCore.App\TypeScript.Demo\scripts\app.js
D:\MS\Project\dotnet\MS.DotNetCore.App\MS.DotNetCore.App\TypeScript.Demo\scripts\app.js.map
D:\MS\Project\dotnet\MS.DotNetCore.App\MS.DotNetCore.App\TypeScript.Demo\scripts\caseType.js
D:\MS\Project\dotnet\MS.DotNetCore.App\MS.DotNetCore.App\TypeScript.Demo\scripts\caseType.js.map
D:\MS\Project\dotnet\MS.DotNetCore.App\MS.DotNetCore.App\TypeScript.Demo\scripts\app.js
D:\MS\Project\dotnet\MS.DotNetCore.App\MS.DotNetCore.App\TypeScript.Demo\scripts\app.js.map
D:\MS\Project\dotnet\MS.DotNetCore.App\MS.DotNetCore.App\TypeScript.Demo\scripts\caseType.js
D:\MS\Project\dotnet\MS.DotNetCore.App\MS.DotNetCore.App\TypeScript.Demo\scripts\caseType.js.map
D:\MS\Project\dotnet\MS.DotNetCore.App\MS.DotNetCore.App\TypeScript.Demo\scripts\app.js
D:\MS\Project\dotnet\MS.DotNetCore.App\MS.DotNetCore.App\TypeScript.Demo\scripts\app.js.map
D:\MS\Project\dotnet\MS.DotNetCore.App\MS.DotNetCore.App\TypeScript.Demo\scripts\caseType.js
D:\MS\Project\dotnet\MS.DotNetCore.App\MS.DotNetCore.App\TypeScript.Demo\scripts\caseType.js.map
D:\MS\Project\dotnet\MS.DotNetCore.App\MS.DotNetCore.App\TypeScript.Demo\scripts\app.js
D:\MS\Project\dotnet\MS.DotNetCore.App\MS.DotNetCore.App\TypeScript.Demo\scripts\app.js.map
D:\MS\Project\dotnet\MS.DotNetCore.App\MS.DotNetCore.App\TypeScript.Demo\scripts\caseType.js
D:\MS\Project\dotnet\MS.DotNetCore.App\MS.DotNetCore.App\TypeScript.Demo\scripts\caseType.js.map
D:\MS\Project\dotnet\MS.DotNetCore.App\MS.DotNetCore.App\TypeScript.Demo\scripts\app.js
D:\MS\Project\dotnet\MS.DotNetCore.App\MS.DotNetCore.App\TypeScript.Demo\scripts\app.js.map
D:\MS\Project\dotnet\MS.DotNetCore.App\MS.DotNetCore.App\TypeScript.Demo\scripts\caseType.js
D:\MS\Project\dotnet\MS.DotNetCore.App\MS.DotNetCore.App\TypeScript.Demo\scripts\caseType.js.map
D:\MS\Project\dotnet\MS.DotNetCore.App\MS.DotNetCore.App\TypeScript.Demo\scripts\app.js
D:\MS\Project\dotnet\MS.DotNetCore.App\MS.DotNetCore.App\TypeScript.Demo\scripts\app.js.map
D:\MS\Project\dotnet\MS.DotNetCore.App\MS.DotNetCore.App\TypeScript.Demo\scripts\caseType.js
D:\MS\Project\dotnet\MS.DotNetCore.App\MS.DotNetCore.App\TypeScript.Demo\scripts\caseType.js.map
D:\MS\Project\dotnet\MS.DotNetCore.App\MS.DotNetCore.App\TypeScript.Demo\scripts\app.js
D:\MS\Project\dotnet\MS.DotNetCore.App\MS.DotNetCore.App\TypeScript.Demo\scripts\app.js.map
D:\MS\Project\dotnet\MS.DotNetCore.App\MS.DotNetCore.App\TypeScript.Demo\scripts\caseType.js
D:\MS\Project\dotnet\MS.DotNetCore.App\MS.DotNetCore.App\TypeScript.Demo\scripts\caseType.js.map
D:\MS\Project\dotnet\MS.DotNetCore.App\MS.DotNetCore.App\TypeScript.Demo\scripts\app.js
D:\MS\Project\dotnet\MS.DotNetCore.App\MS.DotNetCore.App\TypeScript.Demo\scripts\app.js.map
D:\MS\Project\dotnet\MS.DotNetCore.App\MS.DotNetCore.App\TypeScript.Demo\scripts\caseType.js
D:\MS\Project\dotnet\MS.DotNetCore.App\MS.DotNetCore.App\TypeScript.Demo\scripts\caseType.js.map
D:\MS\Project\dotnet\MS.DotNetCore.App\MS.DotNetCore.App\TypeScript.Demo\scripts\app.js
D:\MS\Project\dotnet\MS.DotNetCore.App\MS.DotNetCore.App\TypeScript.Demo\scripts\app.js.map
D:\MS\Project\dotnet\MS.DotNetCore.App\MS.DotNetCore.App\TypeScript.Demo\scripts\caseType.js
D:\MS\Project\dotnet\MS.DotNetCore.App\MS.DotNetCore.App\TypeScript.Demo\scripts\caseType.js.map
D:\MS\Project\dotnet\MS.DotNetCore.App\MS.DotNetCore.App\TypeScript.Demo\scripts\app.js
D:\MS\Project\dotnet\MS.DotNetCore.App\MS.DotNetCore.App\TypeScript.Demo\scripts\app.js.map
D:\MS\Project\dotnet\MS.DotNetCore.App\MS.DotNetCore.App\TypeScript.Demo\scripts\caseType.js
D:\MS\Project\dotnet\MS.DotNetCore.App\MS.DotNetCore.App\TypeScript.Demo\scripts\caseType.js.map
D:\MS\Project\dotnet\MS.DotNetCore.App\MS.DotNetCore.App\TypeScript.Demo\scripts\app.js
D:\MS\Project\dotnet\MS.DotNetCore.App\MS.DotNetCore.App\TypeScript.Demo\scripts\app.js.map
D:\MS\Project\dotnet\MS.DotNetCore.App\MS.DotNetCore.App\TypeScript.Demo\scripts\caseType.js
D:\MS\Project\dotnet\MS.DotNetCore.App\MS.DotNetCore.App\TypeScript.Demo\scripts\caseType.js.map
D:\MS\Project\dotnet\MS.DotNetCore.App\MS.DotNetCore.App\TypeScript.Demo\scripts\app.js
D:\MS\Project\dotnet\MS.DotNetCore.App\MS.DotNetCore.App\TypeScript.Demo\scripts\app.js.map
D:\MS\Project\dotnet\MS.DotNetCore.App\MS.DotNetCore.App\TypeScript.Demo\scripts\caseType.js
D:\MS\Project\dotnet\MS.DotNetCore.App\MS.DotNetCore.App\TypeScript.Demo\scripts\caseType.js.map
D:\MS\Project\dotnet\MS.DotNetCore.App\MS.DotNetCore.App\TypeScript.Demo\scripts\app.js
D:\MS\Project\dotnet\MS.DotNetCore.App\MS.DotNetCore.App\TypeScript.Demo\scripts\app.js.map
D:\MS\Project\dotnet\MS.DotNetCore.App\MS.DotNetCore.App\TypeScript.Demo\scripts\caseType.js
D:\MS\Project\dotnet\MS.DotNetCore.App\MS.DotNetCore.App\TypeScript.Demo\scripts\caseType.js.map
D:\MS\Project\dotnet\MS.DotNetCore.App\MS.DotNetCore.App\TypeScript.Demo\scripts\app.js
D:\MS\Project\dotnet\MS.DotNetCore.App\MS.DotNetCore.App\TypeScript.Demo\scripts\app.js.map
D:\MS\Project\dotnet\MS.DotNetCore.App\MS.DotNetCore.App\TypeScript.Demo\scripts\caseType.js
D:\MS\Project\dotnet\MS.DotNetCore.App\MS.DotNetCore.App\TypeScript.Demo\scripts\caseType.js.map
D:\MS\Project\dotnet\MS.DotNetCore.App\MS.DotNetCore.App\TypeScript.Demo\scripts\app.js
D:\MS\Project\dotnet\MS.DotNetCore.App\MS.DotNetCore.App\TypeScript.Demo\scripts\app.js.map
D:\MS\Project\dotnet\MS.DotNetCore.App\MS.DotNetCore.App\TypeScript.Demo\scripts\caseType.js
D:\MS\Project\dotnet\MS.DotNetCore.App\MS.DotNetCore.App\TypeScript.Demo\scripts\caseType.js.map
D:\MS\Project\dotnet\MS.DotNetCore.App\MS.DotNetCore.App\TypeScript.Demo\scripts\app.js
D:\MS\Project\dotnet\MS.DotNetCore.App\MS.DotNetCore.App\TypeScript.Demo\scripts\app.js.map
D:\MS\Project\dotnet\MS.DotNetCore.App\MS.DotNetCore.App\TypeScript.Demo\scripts\caseType.js
D:\MS\Project\dotnet\MS.DotNetCore.App\MS.DotNetCore.App\TypeScript.Demo\scripts\caseType.js.map
D:\MS\Project\dotnet\MS.DotNetCore.App\MS.DotNetCore.App\TypeScript.Demo\scripts\app.js
D:\MS\Project\dotnet\MS.DotNetCore.App\MS.DotNetCore.App\TypeScript.Demo\scripts\app.js.map
D:\MS\Project\dotnet\MS.DotNetCore.App\MS.DotNetCore.App\TypeScript.Demo\scripts\caseType.js
D:\MS\Project\dotnet\MS.DotNetCore.App\MS.DotNetCore.App\TypeScript.Demo\scripts\caseType.js.map
D:\MS\Project\dotnet\MS.DotNetCore.App\MS.DotNetCore.App\TypeScript.Demo\scripts\app.js
D:\MS\Project\dotnet\MS.DotNetCore.App\MS.DotNetCore.App\TypeScript.Demo\scripts\app.js.map
D:\MS\Project\dotnet\MS.DotNetCore.App\MS.DotNetCore.App\TypeScript.Demo\scripts\caseType.js
D:\MS\Project\dotnet\MS.DotNetCore.App\MS.DotNetCore.App\TypeScript.Demo\scripts\caseType.js.map
D:\MS\Project\dotnet\MS.DotNetCore.App\MS.DotNetCore.App\TypeScript.Demo\scripts\app.js
D:\MS\Project\dotnet\MS.DotNetCore.App\MS.DotNetCore.App\TypeScript.Demo\scripts\app.js.map
D:\MS\Project\dotnet\MS.DotNetCore.App\MS.DotNetCore.App\TypeScript.Demo\scripts\caseType.js
D:\MS\Project\dotnet\MS.DotNetCore.App\MS.DotNetCore.App\TypeScript.Demo\scripts\caseType.js.map
D:\MS\Project\dotnet\MS.DotNetCore.App\MS.DotNetCore.App\TypeScript.Demo\scripts\app.js
D:\MS\Project\dotnet\MS.DotNetCore.App\MS.DotNetCore.App\TypeScript.Demo\scripts\app.js.map
D:\MS\Project\dotnet\MS.DotNetCore.App\MS.DotNetCore.App\TypeScript.Demo\scripts\caseType.js
D:\MS\Project\dotnet\MS.DotNetCore.App\MS.DotNetCore.App\TypeScript.Demo\scripts\caseType.js.map
D:\MS\Project\dotnet\MS.DotNetCore.App\MS.DotNetCore.App\TypeScript.Demo\scripts\app.js
D:\MS\Project\dotnet\MS.DotNetCore.App\MS.DotNetCore.App\TypeScript.Demo\scripts\app.js.map
D:\MS\Project\dotnet\MS.DotNetCore.App\MS.DotNetCore.App\TypeScript.Demo\scripts\caseType.js
D:\MS\Project\dotnet\MS.DotNetCore.App\MS.DotNetCore.App\TypeScript.Demo\scripts\caseType.js.map
D:\MS\Project\dotnet\MS.DotNetCore.App\MS.DotNetCore.App\TypeScript.Demo\scripts\app.js
D:\MS\Project\dotnet\MS.DotNetCore.App\MS.DotNetCore.App\TypeScript.Demo\scripts\app.js.map
D:\MS\Project\dotnet\MS.DotNetCore.App\MS.DotNetCore.App\TypeScript.Demo\scripts\caseType.js
D:\MS\Project\dotnet\MS.DotNetCore.App\MS.DotNetCore.App\TypeScript.Demo\scripts\caseType.js.map
D:\MS\Project\dotnet\MS.DotNetCore.App\MS.DotNetCore.App\TypeScript.Demo\scripts\app.js
D:\MS\Project\dotnet\MS.DotNetCore.App\MS.DotNetCore.App\TypeScript.Demo\scripts\app.js.map
D:\MS\Project\dotnet\MS.DotNetCore.App\MS.DotNetCore.App\TypeScript.Demo\scripts\caseType.js
D:\MS\Project\dotnet\MS.DotNetCore.App\MS.DotNetCore.App\TypeScript.Demo\scripts\caseType.js.map
D:\MS\Project\dotnet\MS.DotNetCore.App\MS.DotNetCore.App\TypeScript.Demo\scripts\app.js
D:\MS\Project\dotnet\MS.DotNetCore.App\MS.DotNetCore.App\TypeScript.Demo\scripts\app.js.map
D:\MS\Project\dotnet\MS.DotNetCore.App\MS.DotNetCore.App\TypeScript.Demo\scripts\caseType.js
D:\MS\Project\dotnet\MS.DotNetCore.App\MS.DotNetCore.App\TypeScript.Demo\scripts\caseType.js.map
D:\MS\Project\dotnet\MS.DotNetCore.App\MS.DotNetCore.App\TypeScript.Demo\scripts\app.js
D:\MS\Project\dotnet\MS.DotNetCore.App\MS.DotNetCore.App\TypeScript.Demo\scripts\app.js.map
D:\MS\Project\dotnet\MS.DotNetCore.App\MS.DotNetCore.App\TypeScript.Demo\scripts\caseType.js
D:\MS\Project\dotnet\MS.DotNetCore.App\MS.DotNetCore.App\TypeScript.Demo\scripts\caseType.js.map
D:\MS\Project\dotnet\MS.DotNetCore.App\MS.DotNetCore.App\TypeScript.Demo\scripts\app.js
D:\MS\Project\dotnet\MS.DotNetCore.App\MS.DotNetCore.App\TypeScript.Demo\scripts\app.js.map
D:\MS\Project\dotnet\MS.DotNetCore.App\MS.DotNetCore.App\TypeScript.Demo\scripts\caseType.js
D:\MS\Project\dotnet\MS.DotNetCore.App\MS.DotNetCore.App\TypeScript.Demo\scripts\caseType.js.map
D:\MS\Project\dotnet\MS.DotNetCore.App\MS.DotNetCore.App\TypeScript.Demo\scripts\app.js
D:\MS\Project\dotnet\MS.DotNetCore.App\MS.DotNetCore.App\TypeScript.Demo\scripts\app.js.map
D:\MS\Project\dotnet\MS.DotNetCore.App\MS.DotNetCore.App\TypeScript.Demo\scripts\caseType.js
D:\MS\Project\dotnet\MS.DotNetCore.App\MS.DotNetCore.App\TypeScript.Demo\scripts\caseType.js.map
D:\MS\Project\dotnet\MS.DotNetCore.App\MS.DotNetCore.App\TypeScript.Demo\scripts\app.js
D:\MS\Project\dotnet\MS.DotNetCore.App\MS.DotNetCore.App\TypeScript.Demo\scripts\app.js.map
D:\MS\Project\dotnet\MS.DotNetCore.App\MS.DotNetCore.App\TypeScript.Demo\scripts\caseType.js
D:\MS\Project\dotnet\MS.DotNetCore.App\MS.DotNetCore.App\TypeScript.Demo\scripts\caseType.js.map
D:\MS\Project\dotnet\MS.DotNetCore.App\MS.DotNetCore.App\TypeScript.Demo\scripts\app.js
D:\MS\Project\dotnet\MS.DotNetCore.App\MS.DotNetCore.App\TypeScript.Demo\scripts\app.js.map
D:\MS\Project\dotnet\MS.DotNetCore.App\MS.DotNetCore.App\TypeScript.Demo\scripts\caseType.js
D:\MS\Project\dotnet\MS.DotNetCore.App\MS.DotNetCore.App\TypeScript.Demo\scripts\caseType.js.map
D:\MS\Project\dotnet\MS.DotNetCore.App\MS.DotNetCore.App\TypeScript.Demo\scripts\app.js
D:\MS\Project\dotnet\MS.DotNetCore.App\MS.DotNetCore.App\TypeScript.Demo\scripts\app.js.map
D:\MS\Project\dotnet\MS.DotNetCore.App\MS.DotNetCore.App\TypeScript.Demo\scripts\caseType.js
D:\MS\Project\dotnet\MS.DotNetCore.App\MS.DotNetCore.App\TypeScript.Demo\scripts\caseType.js.map
D:\MS\Project\dotnet\MS.DotNetCore.App\MS.DotNetCore.App\TypeScript.Demo\scripts\app.js
D:\MS\Project\dotnet\MS.DotNetCore.App\MS.DotNetCore.App\TypeScript.Demo\scripts\app.js.map
D:\MS\Project\dotnet\MS.DotNetCore.App\MS.DotNetCore.App\TypeScript.Demo\scripts\caseType.js
D:\MS\Project\dotnet\MS.DotNetCore.App\MS.DotNetCore.App\TypeScript.Demo\scripts\caseType.js.map
D:\MS\Project\dotnet\MS.DotNetCore.App\MS.DotNetCore.App\TypeScript.Demo\scripts\app.js
D:\MS\Project\dotnet\MS.DotNetCore.App\MS.DotNetCore.App\TypeScript.Demo\scripts\app.js.map
D:\MS\Project\dotnet\MS.DotNetCore.App\MS.DotNetCore.App\TypeScript.Demo\scripts\caseType.js
D:\MS\Project\dotnet\MS.DotNetCore.App\MS.DotNetCore.App\TypeScript.Demo\scripts\caseType.js.map
D:\MS\Project\dotnet\MS.DotNetCore.App\MS.DotNetCore.App\TypeScript.Demo\scripts\app.js
D:\MS\Project\dotnet\MS.DotNetCore.App\MS.DotNetCore.App\TypeScript.Demo\scripts\app.js.map
D:\MS\Project\dotnet\MS.DotNetCore.App\MS.DotNetCore.App\TypeScript.Demo\scripts\caseType.js
D:\MS\Project\dotnet\MS.DotNetCore.App\MS.DotNetCore.App\TypeScript.Demo\scripts\caseType.js.map
D:\MS\Project\dotnet\MS.DotNetCore.App\MS.DotNetCore.App\TypeScript.Demo\scripts\app.js
D:\MS\Project\dotnet\MS.DotNetCore.App\MS.DotNetCore.App\TypeScript.Demo\scripts\app.js.map
D:\MS\Project\dotnet\MS.DotNetCore.App\MS.DotNetCore.App\TypeScript.Demo\scripts\caseType.js
D:\MS\Project\dotnet\MS.DotNetCore.App\MS.DotNetCore.App\TypeScript.Demo\scripts\caseType.js.map
D:\MS\Project\dotnet\MS.DotNetCore.App\MS.DotNetCore.App\TypeScript.Demo\scripts\app.js
D:\MS\Project\dotnet\MS.DotNetCore.App\MS.DotNetCore.App\TypeScript.Demo\scripts\app.js.map
D:\MS\Project\dotnet\MS.DotNetCore.App\MS.DotNetCore.App\TypeScript.Demo\scripts\caseType.js
D:\MS\Project\dotnet\MS.DotNetCore.App\MS.DotNetCore.App\TypeScript.Demo\scripts\caseType.js.map
D:\MS\Project\dotnet\MS.DotNetCore.App\MS.DotNetCore.App\TypeScript.Demo\scripts\app.js
D:\MS\Project\dotnet\MS.DotNetCore.App\MS.DotNetCore.App\TypeScript.Demo\scripts\app.js.map
D:\MS\Project\dotnet\MS.DotNetCore.App\MS.DotNetCore.App\TypeScript.Demo\scripts\caseType.js
D:\MS\Project\dotnet\MS.DotNetCore.App\MS.DotNetCore.App\TypeScript.Demo\scripts\caseType.js.map
D:\MS\Project\dotnet\MS.DotNetCore.App\MS.DotNetCore.App\TypeScript.Demo\scripts\app.js
D:\MS\Project\dotnet\MS.DotNetCore.App\MS.DotNetCore.App\TypeScript.Demo\scripts\app.js.map
D:\MS\Project\dotnet\MS.DotNetCore.App\MS.DotNetCore.App\TypeScript.Demo\scripts\caseType.js
D:\MS\Project\dotnet\MS.DotNetCore.App\MS.DotNetCore.App\TypeScript.Demo\scripts\caseType.js.map
D:\MS\Project\dotnet\MS.DotNetCore.App\MS.DotNetCore.App\TypeScript.Demo\scripts\app.js
D:\MS\Project\dotnet\MS.DotNetCore.App\MS.DotNetCore.App\TypeScript.Demo\scripts\app.js.map
D:\MS\Project\dotnet\MS.DotNetCore.App\MS.DotNetCore.App\TypeScript.Demo\scripts\caseType.js
D:\MS\Project\dotnet\MS.DotNetCore.App\MS.DotNetCore.App\TypeScript.Demo\scripts\caseType.js.map
D:\MS\Project\dotnet\MS.DotNetCore.App\MS.DotNetCore.App\TypeScript.Demo\scripts\app.js
D:\MS\Project\dotnet\MS.DotNetCore.App\MS.DotNetCore.App\TypeScript.Demo\scripts\app.js.map
D:\MS\Project\dotnet\MS.DotNetCore.App\MS.DotNetCore.App\TypeScript.Demo\scripts\caseType.js
D:\MS\Project\dotnet\MS.DotNetCore.App\MS.DotNetCore.App\TypeScript.Demo\scripts\caseType.js.map
D:\MS\Project\dotnet\MS.DotNetCore.App\MS.DotNetCore.App\TypeScript.Demo\scripts\app.js
D:\MS\Project\dotnet\MS.DotNetCore.App\MS.DotNetCore.App\TypeScript.Demo\scripts\app.js.map
D:\MS\Project\dotnet\MS.DotNetCore.App\MS.DotNetCore.App\TypeScript.Demo\scripts\caseType.js
D:\MS\Project\dotnet\MS.DotNetCore.App\MS.DotNetCore.App\TypeScript.Demo\scripts\caseType.js.map
D:\MS\Project\dotnet\MS.DotNetCore.App\MS.DotNetCore.App\TypeScript.Demo\scripts\app.js
D:\MS\Project\dotnet\MS.DotNetCore.App\MS.DotNetCore.App\TypeScript.Demo\scripts\app.js.map
D:\MS\Project\dotnet\MS.DotNetCore.App\MS.DotNetCore.App\TypeScript.Demo\scripts\caseType.js
D:\MS\Project\dotnet\MS.DotNetCore.App\MS.DotNetCore.App\TypeScript.Demo\scripts\caseType.js.map
<<<<<<< HEAD
C:\MSProject\DotNetCore\MS.DotNetCore.App\TypeScript.Demo\scripts\app.js
C:\MSProject\DotNetCore\MS.DotNetCore.App\TypeScript.Demo\scripts\app.js.map
C:\MSProject\DotNetCore\MS.DotNetCore.App\TypeScript.Demo\scripts\caseType.js
C:\MSProject\DotNetCore\MS.DotNetCore.App\TypeScript.Demo\scripts\caseType.js.map
C:\MSProject\DotNetCore\MS.DotNetCore.App\TypeScript.Demo\scripts\app.js
C:\MSProject\DotNetCore\MS.DotNetCore.App\TypeScript.Demo\scripts\app.js.map
C:\MSProject\DotNetCore\MS.DotNetCore.App\TypeScript.Demo\scripts\caseType.js
C:\MSProject\DotNetCore\MS.DotNetCore.App\TypeScript.Demo\scripts\caseType.js.map
C:\MSProject\DotNetCore\MS.DotNetCore.App\TypeScript.Demo\scripts\app.js
C:\MSProject\DotNetCore\MS.DotNetCore.App\TypeScript.Demo\scripts\app.js.map
C:\MSProject\DotNetCore\MS.DotNetCore.App\TypeScript.Demo\scripts\caseType.js
C:\MSProject\DotNetCore\MS.DotNetCore.App\TypeScript.Demo\scripts\caseType.js.map
C:\MSProject\DotNetCore\MS.DotNetCore.App\TypeScript.Demo\scripts\app.js
C:\MSProject\DotNetCore\MS.DotNetCore.App\TypeScript.Demo\scripts\app.js.map
C:\MSProject\DotNetCore\MS.DotNetCore.App\TypeScript.Demo\scripts\caseType.js
C:\MSProject\DotNetCore\MS.DotNetCore.App\TypeScript.Demo\scripts\caseType.js.map
C:\MSProject\DotNetCore\MS.DotNetCore.App\TypeScript.Demo\scripts\app.js
C:\MSProject\DotNetCore\MS.DotNetCore.App\TypeScript.Demo\scripts\app.js.map
C:\MSProject\DotNetCore\MS.DotNetCore.App\TypeScript.Demo\scripts\caseType.js
C:\MSProject\DotNetCore\MS.DotNetCore.App\TypeScript.Demo\scripts\caseType.js.map
C:\MSProject\DotNetCore\MS.DotNetCore.App\TypeScript.Demo\scripts\app.js
C:\MSProject\DotNetCore\MS.DotNetCore.App\TypeScript.Demo\scripts\app.js.map
C:\MSProject\DotNetCore\MS.DotNetCore.App\TypeScript.Demo\scripts\caseType.js
C:\MSProject\DotNetCore\MS.DotNetCore.App\TypeScript.Demo\scripts\caseType.js.map
C:\MSProject\DotNetCore\MS.DotNetCore.App\TypeScript.Demo\scripts\app.js
C:\MSProject\DotNetCore\MS.DotNetCore.App\TypeScript.Demo\scripts\app.js.map
C:\MSProject\DotNetCore\MS.DotNetCore.App\TypeScript.Demo\scripts\caseType.js
C:\MSProject\DotNetCore\MS.DotNetCore.App\TypeScript.Demo\scripts\caseType.js.map
=======
D:\MS\Project\dotnet\MS.DotNetCore.App\MS.DotNetCore.App\TypeScript.Demo\scripts\app.js
D:\MS\Project\dotnet\MS.DotNetCore.App\MS.DotNetCore.App\TypeScript.Demo\scripts\app.js.map
D:\MS\Project\dotnet\MS.DotNetCore.App\MS.DotNetCore.App\TypeScript.Demo\scripts\caseType.js
D:\MS\Project\dotnet\MS.DotNetCore.App\MS.DotNetCore.App\TypeScript.Demo\scripts\caseType.js.map
D:\MS\Project\dotnet\MS.DotNetCore.App\MS.DotNetCore.App\TypeScript.Demo\scripts\app.js
D:\MS\Project\dotnet\MS.DotNetCore.App\MS.DotNetCore.App\TypeScript.Demo\scripts\app.js.map
D:\MS\Project\dotnet\MS.DotNetCore.App\MS.DotNetCore.App\TypeScript.Demo\scripts\caseType.js
D:\MS\Project\dotnet\MS.DotNetCore.App\MS.DotNetCore.App\TypeScript.Demo\scripts\caseType.js.map
D:\MS\Project\dotnet\MS.DotNetCore.App\MS.DotNetCore.App\TypeScript.Demo\scripts\app.js
D:\MS\Project\dotnet\MS.DotNetCore.App\MS.DotNetCore.App\TypeScript.Demo\scripts\app.js.map
D:\MS\Project\dotnet\MS.DotNetCore.App\MS.DotNetCore.App\TypeScript.Demo\scripts\caseType.js
D:\MS\Project\dotnet\MS.DotNetCore.App\MS.DotNetCore.App\TypeScript.Demo\scripts\caseType.js.map
D:\MS\Project\dotnet\MS.DotNetCore.App\MS.DotNetCore.App\TypeScript.Demo\scripts\app.js
D:\MS\Project\dotnet\MS.DotNetCore.App\MS.DotNetCore.App\TypeScript.Demo\scripts\app.js.map
D:\MS\Project\dotnet\MS.DotNetCore.App\MS.DotNetCore.App\TypeScript.Demo\scripts\caseType.js
D:\MS\Project\dotnet\MS.DotNetCore.App\MS.DotNetCore.App\TypeScript.Demo\scripts\caseType.js.map
D:\MS\Project\dotnet\MS.DotNetCore.App\MS.DotNetCore.App\TypeScript.Demo\scripts\app.js
D:\MS\Project\dotnet\MS.DotNetCore.App\MS.DotNetCore.App\TypeScript.Demo\scripts\app.js.map
D:\MS\Project\dotnet\MS.DotNetCore.App\MS.DotNetCore.App\TypeScript.Demo\scripts\caseType.js
D:\MS\Project\dotnet\MS.DotNetCore.App\MS.DotNetCore.App\TypeScript.Demo\scripts\caseType.js.map
>>>>>>> a87c788c03333af8cb36f78bc343b7253b2f70ba
